This file contains any messages produced by compilers while
running configure, to aid debugging if configure makes a mistake.

It was created by libalize configure 3.0, which was
generated by GNU Autoconf 2.67.  Invocation command line was

  $ ./configure 

## --------- ##
## Platform. ##
## --------- ##

hostname = agecanonix
uname -m = x86_64
uname -r = 3.2.23-mosix64
uname -s = Linux
uname -v = #1 SMP Thu Sep 6 10:23:50 CEST 2012

/usr/bin/uname -p = unknown
/bin/uname -X     = unknown

/bin/arch              = unknown
/usr/bin/arch -k       = unknown
/usr/convex/getsysinfo = unknown
/usr/bin/hostinfo      = unknown
/bin/machine           = unknown
/usr/bin/oslevel       = unknown
/bin/universe          = unknown

PATH: .
PATH: /labo/Tools/bin/
PATH: /labo/Tools/src/SPEERAL/sphere/bin/
PATH: /usr/X11R6/bin/
PATH: /bin
PATH: /usr/bin/
PATH: /usr/lib/


## ----------- ##
## Core tests. ##
## ----------- ##

configure:2396: checking for a BSD-compatible install
configure:2464: result: /usr/bin//install -c
configure:2475: checking whether build environment is sane
configure:2525: result: yes
configure:2666: checking for a thread-safe mkdir -p
configure:2705: result: /bin/mkdir -p
configure:2718: checking for gawk
configure:2734: found /usr/bin//gawk
configure:2745: result: gawk
configure:2756: checking whether make sets $(MAKE)
configure:2778: result: yes
configure:2917: checking for g++
configure:2933: found /usr/bin//g++
configure:2944: result: g++
configure:2971: checking for C++ compiler version
configure:2980: g++ --version >&5
g++ (Debian 4.4.5-8) 4.4.5
Copyright (C) 2010 Free Software Foundation, Inc.
This is free software; see the source for copying conditions.  There is NO
warranty; not even for MERCHANTABILITY or FITNESS FOR A PARTICULAR PURPOSE.

configure:2991: $? = 0
configure:2980: g++ -v >&5
Using built-in specs.
Target: x86_64-linux-gnu
Configured with: ../src/configure -v --with-pkgversion='Debian 4.4.5-8' --with-bugurl=file:///usr/share/doc/gcc-4.4/README.Bugs --enable-languages=c,c++,fortran,objc,obj-c++ --prefix=/usr --program-suffix=-4.4 --enable-shared --enable-multiarch --enable-linker-build-id --with-system-zlib --libexecdir=/usr/lib --without-included-gettext --enable-threads=posix --with-gxx-include-dir=/usr/include/c++/4.4 --libdir=/usr/lib --enable-nls --enable-clocale=gnu --enable-libstdcxx-debug --enable-objc-gc --with-arch-32=i586 --with-tune=generic --enable-checking=release --build=x86_64-linux-gnu --host=x86_64-linux-gnu --target=x86_64-linux-gnu
Thread model: posix
gcc version 4.4.5 (Debian 4.4.5-8) 
configure:2991: $? = 0
configure:2980: g++ -V >&5
g++: '-V' option must have argument
configure:2991: $? = 1
configure:2980: g++ -qversion >&5
g++: unrecognized option '-qversion'
g++: no input files
configure:2991: $? = 1
configure:3011: checking whether the C++ compiler works
configure:3033: g++    conftest.cpp  >&5
configure:3037: $? = 0
configure:3085: result: yes
configure:3088: checking for C++ compiler default output file name
configure:3090: result: a.out
configure:3096: checking for suffix of executables
configure:3103: g++ -o conftest    conftest.cpp  >&5
configure:3107: $? = 0
configure:3129: result: 
configure:3151: checking whether we are cross compiling
configure:3159: g++ -o conftest    conftest.cpp  >&5
configure:3163: $? = 0
configure:3170: ./conftest
configure:3174: $? = 0
configure:3189: result: no
configure:3194: checking for suffix of object files
configure:3216: g++ -c   conftest.cpp >&5
configure:3220: $? = 0
configure:3241: result: o
configure:3245: checking whether we are using the GNU C++ compiler
configure:3264: g++ -c   conftest.cpp >&5
configure:3264: $? = 0
configure:3273: result: yes
configure:3282: checking whether g++ accepts -g
configure:3302: g++ -c -g  conftest.cpp >&5
configure:3302: $? = 0
configure:3343: result: yes
configure:3377: checking for style of include used by make
configure:3405: result: GNU
configure:3430: checking dependency style of g++
configure:3540: result: gcc3
configure:3584: checking build system type
configure:3598: result: x86_64-unknown-linux-gnu
configure:3618: checking host system type
configure:3631: result: x86_64-unknown-linux-gnu
configure:3699: checking for gcc
configure:3715: found /usr/bin//gcc
configure:3726: result: gcc
configure:3955: checking for C compiler version
configure:3964: gcc --version >&5
gcc (Debian 4.4.5-8) 4.4.5
Copyright (C) 2010 Free Software Foundation, Inc.
This is free software; see the source for copying conditions.  There is NO
warranty; not even for MERCHANTABILITY or FITNESS FOR A PARTICULAR PURPOSE.

configure:3975: $? = 0
configure:3964: gcc -v >&5
Using built-in specs.
Target: x86_64-linux-gnu
Configured with: ../src/configure -v --with-pkgversion='Debian 4.4.5-8' --with-bugurl=file:///usr/share/doc/gcc-4.4/README.Bugs --enable-languages=c,c++,fortran,objc,obj-c++ --prefix=/usr --program-suffix=-4.4 --enable-shared --enable-multiarch --enable-linker-build-id --with-system-zlib --libexecdir=/usr/lib --without-included-gettext --enable-threads=posix --with-gxx-include-dir=/usr/include/c++/4.4 --libdir=/usr/lib --enable-nls --enable-clocale=gnu --enable-libstdcxx-debug --enable-objc-gc --with-arch-32=i586 --with-tune=generic --enable-checking=release --build=x86_64-linux-gnu --host=x86_64-linux-gnu --target=x86_64-linux-gnu
Thread model: posix
gcc version 4.4.5 (Debian 4.4.5-8) 
configure:3975: $? = 0
configure:3964: gcc -V >&5
gcc: '-V' option must have argument
configure:3975: $? = 1
configure:3964: gcc -qversion >&5
gcc: unrecognized option '-qversion'
gcc: no input files
configure:3975: $? = 1
configure:3979: checking whether we are using the GNU C compiler
configure:3998: gcc -c   conftest.c >&5
configure:3998: $? = 0
configure:4007: result: yes
configure:4016: checking whether gcc accepts -g
configure:4036: gcc -c -g  conftest.c >&5
configure:4036: $? = 0
configure:4077: result: yes
configure:4094: checking for gcc option to accept ISO C89
configure:4158: gcc  -c -g -O2  conftest.c >&5
configure:4158: $? = 0
configure:4171: result: none needed
configure:4193: checking dependency style of gcc
configure:4303: result: gcc3
configure:4318: checking for a sed that does not truncate output
configure:4382: result: /bin/sed
configure:4400: checking for grep that handles long lines and -e
configure:4458: result: /bin/grep
configure:4463: checking for egrep
configure:4525: result: /bin/grep -E
configure:4530: checking for fgrep
configure:4592: result: /bin/grep -F
configure:4627: checking for ld used by gcc
configure:4694: result: /usr/bin//ld
configure:4701: checking if the linker (/usr/bin//ld) is GNU ld
configure:4716: result: yes
configure:4728: checking for BSD- or MS-compatible name lister (nm)
configure:4777: result: /usr/bin//nm -B
configure:4895: checking the name lister (/usr/bin//nm -B) interface
configure:4902: gcc -c -g -O2  conftest.c >&5
configure:4905: /usr/bin//nm -B "conftest.o"
configure:4908: output
0000000000000000 B some_variable
configure:4915: result: BSD nm
configure:4918: checking whether ln -s works
configure:4922: result: yes
configure:4930: checking the maximum length of command line arguments
configure:5050: result: 1572864
configure:5067: checking whether the shell understands some XSI constructs
configure:5077: result: yes
configure:5081: checking whether the shell understands "+="
configure:5087: result: yes
configure:5122: checking for /usr/bin//ld option to reload object files
configure:5129: result: -r
configure:5198: checking for objdump
configure:5214: found /usr/bin//objdump
configure:5225: result: objdump
configure:5257: checking how to recognize dependent libraries
configure:5453: result: pass_all
configure:5513: checking for ar
configure:5529: found /usr/bin//ar
configure:5540: result: ar
configure:5618: checking for strip
configure:5634: found /usr/bin//strip
configure:5645: result: strip
configure:5717: checking for ranlib
configure:5733: found /usr/bin//ranlib
configure:5744: result: ranlib
configure:5834: checking command to parse /usr/bin//nm -B output from gcc object
configure:5952: gcc -c -g -O2  conftest.c >&5
configure:5955: $? = 0
configure:5959: /usr/bin//nm -B conftest.o \| sed -n -e 's/^.*[	 ]\([ABCDGIRSTW][ABCDGIRSTW]*\)[	 ][	 ]*\([_A-Za-z][_A-Za-z0-9]*\)$/\1 \2 \2/p' \> conftest.nm
configure:5962: $? = 0
configure:6016: gcc -o conftest -g -O2   conftest.c conftstm.o >&5
configure:6019: $? = 0
configure:6057: result: ok
configure:6153: gcc -c -g -O2  conftest.c >&5
configure:6156: $? = 0
configure:6866: checking how to run the C preprocessor
configure:6897: gcc -E  conftest.c
configure:6897: $? = 0
configure:6911: gcc -E  conftest.c
conftest.c:11:28: error: ac_nonexistent.h: No such file or directory
configure:6911: $? = 1
configure: failed program was:
| /* confdefs.h */
| #define PACKAGE_NAME "libalize"
| #define PACKAGE_TARNAME "libalize"
| #define PACKAGE_VERSION "3.0"
| #define PACKAGE_STRING "libalize 3.0"
| #define PACKAGE_BUGREPORT "dev-alize@listes.univ-avignon.fr"
| #define PACKAGE_URL ""
| #define PACKAGE "libalize"
| #define VERSION "3.0"
| /* end confdefs.h.  */
| #include <ac_nonexistent.h>
configure:6936: result: gcc -E
configure:6956: gcc -E  conftest.c
configure:6956: $? = 0
configure:6970: gcc -E  conftest.c
conftest.c:11:28: error: ac_nonexistent.h: No such file or directory
configure:6970: $? = 1
configure: failed program was:
| /* confdefs.h */
| #define PACKAGE_NAME "libalize"
| #define PACKAGE_TARNAME "libalize"
| #define PACKAGE_VERSION "3.0"
| #define PACKAGE_STRING "libalize 3.0"
| #define PACKAGE_BUGREPORT "dev-alize@listes.univ-avignon.fr"
| #define PACKAGE_URL ""
| #define PACKAGE "libalize"
| #define VERSION "3.0"
| /* end confdefs.h.  */
| #include <ac_nonexistent.h>
configure:6999: checking for ANSI C header files
configure:7019: gcc -c -g -O2  conftest.c >&5
configure:7019: $? = 0
configure:7092: gcc -o conftest -g -O2   conftest.c  >&5
configure:7092: $? = 0
configure:7092: ./conftest
configure:7092: $? = 0
configure:7103: result: yes
configure:7116: checking for sys/types.h
configure:7116: gcc -c -g -O2  conftest.c >&5
configure:7116: $? = 0
configure:7116: result: yes
configure:7116: checking for sys/stat.h
configure:7116: gcc -c -g -O2  conftest.c >&5
configure:7116: $? = 0
configure:7116: result: yes
configure:7116: checking for stdlib.h
configure:7116: gcc -c -g -O2  conftest.c >&5
configure:7116: $? = 0
configure:7116: result: yes
configure:7116: checking for string.h
configure:7116: gcc -c -g -O2  conftest.c >&5
configure:7116: $? = 0
configure:7116: result: yes
configure:7116: checking for memory.h
configure:7116: gcc -c -g -O2  conftest.c >&5
configure:7116: $? = 0
configure:7116: result: yes
configure:7116: checking for strings.h
configure:7116: gcc -c -g -O2  conftest.c >&5
configure:7116: $? = 0
configure:7116: result: yes
configure:7116: checking for inttypes.h
configure:7116: gcc -c -g -O2  conftest.c >&5
configure:7116: $? = 0
configure:7116: result: yes
configure:7116: checking for stdint.h
configure:7116: gcc -c -g -O2  conftest.c >&5
configure:7116: $? = 0
configure:7116: result: yes
configure:7116: checking for unistd.h
configure:7116: gcc -c -g -O2  conftest.c >&5
configure:7116: $? = 0
configure:7116: result: yes
configure:7130: checking for dlfcn.h
configure:7130: gcc -c -g -O2  conftest.c >&5
configure:7130: $? = 0
configure:7130: result: yes
configure:7255: checking for C++ compiler version
configure:7264: g++ --version >&5
g++ (Debian 4.4.5-8) 4.4.5
Copyright (C) 2010 Free Software Foundation, Inc.
This is free software; see the source for copying conditions.  There is NO
warranty; not even for MERCHANTABILITY or FITNESS FOR A PARTICULAR PURPOSE.

configure:7275: $? = 0
configure:7264: g++ -v >&5
Using built-in specs.
Target: x86_64-linux-gnu
Configured with: ../src/configure -v --with-pkgversion='Debian 4.4.5-8' --with-bugurl=file:///usr/share/doc/gcc-4.4/README.Bugs --enable-languages=c,c++,fortran,objc,obj-c++ --prefix=/usr --program-suffix=-4.4 --enable-shared --enable-multiarch --enable-linker-build-id --with-system-zlib --libexecdir=/usr/lib --without-included-gettext --enable-threads=posix --with-gxx-include-dir=/usr/include/c++/4.4 --libdir=/usr/lib --enable-nls --enable-clocale=gnu --enable-libstdcxx-debug --enable-objc-gc --with-arch-32=i586 --with-tune=generic --enable-checking=release --build=x86_64-linux-gnu --host=x86_64-linux-gnu --target=x86_64-linux-gnu
Thread model: posix
gcc version 4.4.5 (Debian 4.4.5-8) 
configure:7275: $? = 0
configure:7264: g++ -V >&5
g++: '-V' option must have argument
configure:7275: $? = 1
configure:7264: g++ -qversion >&5
g++: unrecognized option '-qversion'
g++: no input files
configure:7275: $? = 1
configure:7279: checking whether we are using the GNU C++ compiler
configure:7307: result: yes
configure:7316: checking whether g++ accepts -g
configure:7377: result: yes
configure:7402: checking dependency style of g++
configure:7512: result: gcc3
configure:7535: checking how to run the C++ preprocessor
configure:7562: g++ -E  conftest.cpp
configure:7562: $? = 0
configure:7576: g++ -E  conftest.cpp
conftest.cpp:22:28: error: ac_nonexistent.h: No such file or directory
configure:7576: $? = 1
configure: failed program was:
| /* confdefs.h */
| #define PACKAGE_NAME "libalize"
| #define PACKAGE_TARNAME "libalize"
| #define PACKAGE_VERSION "3.0"
| #define PACKAGE_STRING "libalize 3.0"
| #define PACKAGE_BUGREPORT "dev-alize@listes.univ-avignon.fr"
| #define PACKAGE_URL ""
| #define PACKAGE "libalize"
| #define VERSION "3.0"
| #define STDC_HEADERS 1
| #define HAVE_SYS_TYPES_H 1
| #define HAVE_SYS_STAT_H 1
| #define HAVE_STDLIB_H 1
| #define HAVE_STRING_H 1
| #define HAVE_MEMORY_H 1
| #define HAVE_STRINGS_H 1
| #define HAVE_INTTYPES_H 1
| #define HAVE_STDINT_H 1
| #define HAVE_UNISTD_H 1
| #define HAVE_DLFCN_H 1
| /* end confdefs.h.  */
| #include <ac_nonexistent.h>
configure:7601: result: g++ -E
configure:7621: g++ -E  conftest.cpp
configure:7621: $? = 0
configure:7635: g++ -E  conftest.cpp
conftest.cpp:22:28: error: ac_nonexistent.h: No such file or directory
configure:7635: $? = 1
configure: failed program was:
| /* confdefs.h */
| #define PACKAGE_NAME "libalize"
| #define PACKAGE_TARNAME "libalize"
| #define PACKAGE_VERSION "3.0"
| #define PACKAGE_STRING "libalize 3.0"
| #define PACKAGE_BUGREPORT "dev-alize@listes.univ-avignon.fr"
| #define PACKAGE_URL ""
| #define PACKAGE "libalize"
| #define VERSION "3.0"
| #define STDC_HEADERS 1
| #define HAVE_SYS_TYPES_H 1
| #define HAVE_SYS_STAT_H 1
| #define HAVE_STDLIB_H 1
| #define HAVE_STRING_H 1
| #define HAVE_MEMORY_H 1
| #define HAVE_STRINGS_H 1
| #define HAVE_INTTYPES_H 1
| #define HAVE_STDINT_H 1
| #define HAVE_UNISTD_H 1
| #define HAVE_DLFCN_H 1
| /* end confdefs.h.  */
| #include <ac_nonexistent.h>
configure:7841: checking for objdir
configure:7856: result: .libs
configure:8148: checking if gcc supports -fno-rtti -fno-exceptions
configure:8166: gcc -c -g -O2  -fno-rtti -fno-exceptions conftest.c >&5
cc1: warning: command line option "-fno-rtti" is valid for C++/ObjC++ but not for C
configure:8170: $? = 0
configure:8183: result: no
configure:8203: checking for gcc option to produce PIC
configure:8475: result: -fPIC -DPIC
configure:8487: checking if gcc PIC flag -fPIC -DPIC works
configure:8505: gcc -c -g -O2  -fPIC -DPIC -DPIC conftest.c >&5
configure:8509: $? = 0
configure:8522: result: yes
configure:8546: checking if gcc static flag -static works
configure:8574: result: yes
configure:8589: checking if gcc supports -c -o file.o
configure:8610: gcc -c -g -O2  -o out/conftest2.o conftest.c >&5
configure:8614: $? = 0
configure:8636: result: yes
configure:8644: checking if gcc supports -c -o file.o
configure:8691: result: yes
configure:8724: checking whether the gcc linker (/usr/bin//ld -m elf_x86_64) supports shared libraries
configure:9715: result: yes
configure:9752: checking whether -lc should be explicitly linked in
configure:9757: gcc -c -g -O2  conftest.c >&5
configure:9760: $? = 0
configure:9775: gcc -shared conftest.o  -v -Wl,-soname -Wl,conftest -o conftest 2\>\&1 \| /bin/grep  -lc  \>/dev/null 2\>\&1
configure:9778: $? = 0
configure:9790: result: no
configure:9954: checking dynamic linker characteristics
configure:10387: gcc -o conftest -g -O2   -Wl,-rpath -Wl,/foo conftest.c  >&5
configure:10387: $? = 0
configure:10617: result: GNU/Linux ld.so
configure:10719: checking how to hardcode library paths into programs
configure:10744: result: immediate
configure:11264: checking whether stripping libraries is possible
configure:11269: result: yes
configure:11304: checking if libtool supports shared libraries
configure:11306: result: yes
configure:11309: checking whether to build shared libraries
configure:11330: result: yes
configure:11333: checking whether to build static libraries
configure:11337: result: yes
configure:11487: checking for ld used by g++
configure:11554: result: /usr/bin//ld -m elf_x86_64
configure:11561: checking if the linker (/usr/bin//ld -m elf_x86_64) is GNU ld
configure:11576: result: yes
configure:11631: checking whether the g++ linker (/usr/bin//ld -m elf_x86_64) supports shared libraries
configure:12544: result: yes
configure:12572: g++ -c -g -O2  conftest.cpp >&5
configure:12575: $? = 0
configure:12757: checking for g++ option to produce PIC
configure:13074: result: -fPIC -DPIC
configure:13083: checking if g++ PIC flag -fPIC -DPIC works
configure:13101: g++ -c -g -O2  -fPIC -DPIC -DPIC conftest.cpp >&5
configure:13105: $? = 0
configure:13118: result: yes
configure:13139: checking if g++ static flag -static works
configure:13167: result: yes
configure:13179: checking if g++ supports -c -o file.o
configure:13200: g++ -c -g -O2  -o out/conftest2.o conftest.cpp >&5
configure:13204: $? = 0
configure:13226: result: yes
configure:13231: checking if g++ supports -c -o file.o
configure:13278: result: yes
configure:13308: checking whether the g++ linker (/usr/bin//ld -m elf_x86_64) supports shared libraries
configure:13337: result: yes
configure:13474: checking dynamic linker characteristics
configure:13855: g++ -o conftest -g -O2   -Wl,-rpath -Wl,/foo conftest.cpp  >&5
configure:13855: $? = 0
configure:14085: result: GNU/Linux ld.so
configure:14136: checking how to hardcode library paths into programs
configure:14161: result: immediate
configure:14262: checking for ranlib
configure:14289: result: ranlib
configure:14311: checking whether make sets $(MAKE)
configure:14333: result: yes
configure:14546: creating ./config.status

## ---------------------- ##
## Running config.status. ##
## ---------------------- ##

This file was extended by libalize config.status 3.0, which was
generated by GNU Autoconf 2.67.  Invocation command line was

  CONFIG_FILES    = 
  CONFIG_HEADERS  = 
  CONFIG_LINKS    = 
  CONFIG_COMMANDS = 
  $ ./config.status 

on agecanonix

config.status:1057: creating Makefile
config.status:1057: creating src/Makefile
config.status:1228: executing depfiles commands
config.status:1228: executing libtool commands

## ---------------- ##
## Cache variables. ##
## ---------------- ##

ac_cv_build=x86_64-unknown-linux-gnu
ac_cv_c_compiler_gnu=yes
ac_cv_cxx_compiler_gnu=yes
ac_cv_env_CCC_set=
ac_cv_env_CCC_value=
ac_cv_env_CC_set=
ac_cv_env_CC_value=
ac_cv_env_CFLAGS_set=
ac_cv_env_CFLAGS_value=
ac_cv_env_CPPFLAGS_set=
ac_cv_env_CPPFLAGS_value=
ac_cv_env_CPP_set=
ac_cv_env_CPP_value=
ac_cv_env_CXXCPP_set=
ac_cv_env_CXXCPP_value=
ac_cv_env_CXXFLAGS_set=
ac_cv_env_CXXFLAGS_value=
ac_cv_env_CXX_set=
ac_cv_env_CXX_value=
ac_cv_env_LDFLAGS_set=
ac_cv_env_LDFLAGS_value=
ac_cv_env_LIBS_set=
ac_cv_env_LIBS_value=
ac_cv_env_build_alias_set=
ac_cv_env_build_alias_value=
ac_cv_env_host_alias_set=
ac_cv_env_host_alias_value=
ac_cv_env_target_alias_set=
ac_cv_env_target_alias_value=
ac_cv_header_dlfcn_h=yes
ac_cv_header_inttypes_h=yes
ac_cv_header_memory_h=yes
ac_cv_header_stdc=yes
ac_cv_header_stdint_h=yes
ac_cv_header_stdlib_h=yes
ac_cv_header_string_h=yes
ac_cv_header_strings_h=yes
ac_cv_header_sys_stat_h=yes
ac_cv_header_sys_types_h=yes
ac_cv_header_unistd_h=yes
ac_cv_host=x86_64-unknown-linux-gnu
ac_cv_objext=o
ac_cv_path_EGREP='/bin/grep -E'
ac_cv_path_FGREP='/bin/grep -F'
ac_cv_path_GREP=/bin/grep
ac_cv_path_SED=/bin/sed
ac_cv_path_install='/usr/bin//install -c'
ac_cv_path_mkdir=/bin/mkdir
ac_cv_prog_AWK=gawk
ac_cv_prog_CPP='gcc -E'
ac_cv_prog_CXXCPP='g++ -E'
ac_cv_prog_ac_ct_AR=ar
ac_cv_prog_ac_ct_CC=gcc
ac_cv_prog_ac_ct_CXX=g++
ac_cv_prog_ac_ct_OBJDUMP=objdump
ac_cv_prog_ac_ct_RANLIB=ranlib
ac_cv_prog_ac_ct_STRIP=strip
ac_cv_prog_cc_c89=
ac_cv_prog_cc_g=yes
ac_cv_prog_cxx_g=yes
ac_cv_prog_make_make_set=yes
am_cv_CC_dependencies_compiler_type=gcc3
am_cv_CXX_dependencies_compiler_type=gcc3
lt_cv_deplibs_check_method=pass_all
lt_cv_file_magic_cmd='$MAGIC_CMD'
lt_cv_file_magic_test_file=
lt_cv_ld_reload_flag=-r
lt_cv_nm_interface='BSD nm'
lt_cv_objdir=.libs
lt_cv_path_LD=/usr/bin//ld
lt_cv_path_LDCXX='/usr/bin//ld -m elf_x86_64'
lt_cv_path_NM='/usr/bin//nm -B'
lt_cv_prog_compiler_c_o=yes
lt_cv_prog_compiler_c_o_CXX=yes
lt_cv_prog_compiler_pic_works=yes
lt_cv_prog_compiler_pic_works_CXX=yes
lt_cv_prog_compiler_rtti_exceptions=no
lt_cv_prog_compiler_static_works=yes
lt_cv_prog_compiler_static_works_CXX=yes
lt_cv_prog_gnu_ld=yes
lt_cv_prog_gnu_ldcxx=yes
lt_cv_sys_global_symbol_pipe='sed -n -e '\''s/^.*[	 ]\([ABCDGIRSTW][ABCDGIRSTW]*\)[	 ][	 ]*\([_A-Za-z][_A-Za-z0-9]*\)$/\1 \2 \2/p'\'''
lt_cv_sys_global_symbol_to_c_name_address='sed -n -e '\''s/^: \([^ ]*\) $/  {\"\1\", (void *) 0},/p'\'' -e '\''s/^[ABCDGIRSTW]* \([^ ]*\) \([^ ]*\)$/  {"\2", (void *) \&\2},/p'\'''
lt_cv_sys_global_symbol_to_c_name_address_lib_prefix='sed -n -e '\''s/^: \([^ ]*\) $/  {\"\1\", (void *) 0},/p'\'' -e '\''s/^[ABCDGIRSTW]* \([^ ]*\) \(lib[^ ]*\)$/  {"\2", (void *) \&\2},/p'\'' -e '\''s/^[ABCDGIRSTW]* \([^ ]*\) \([^ ]*\)$/  {"lib\2", (void *) \&\2},/p'\'''
lt_cv_sys_global_symbol_to_cdecl='sed -n -e '\''s/^T .* \(.*\)$/extern int \1();/p'\'' -e '\''s/^[ABCDGIRSTW]* .* \(.*\)$/extern char \1;/p'\'''
lt_cv_sys_max_cmd_len=1572864

## ----------------- ##
## Output variables. ##
## ----------------- ##

ACLOCAL='${SHELL} /local/AudioVideoSpkSeg/Tools/ALIZE-3.0/missing --run aclocal-1.11'
AMDEPBACKSLASH='\'
AMDEP_FALSE='#'
AMDEP_TRUE=''
AMTAR='${SHELL} /local/AudioVideoSpkSeg/Tools/ALIZE-3.0/missing --run tar'
AR='ar'
ARCH='x86_64'
AUTOCONF='${SHELL} /local/AudioVideoSpkSeg/Tools/ALIZE-3.0/missing --run autoconf'
AUTOHEADER='${SHELL} /local/AudioVideoSpkSeg/Tools/ALIZE-3.0/missing --run autoheader'
AUTOMAKE='${SHELL} /local/AudioVideoSpkSeg/Tools/ALIZE-3.0/missing --run automake-1.11'
AWK='gawk'
CC='gcc'
CCDEPMODE='depmode=gcc3'
CFLAGS='-g -O2'
CPP='gcc -E'
CPPFLAGS=''
CXX='g++'
CXXCPP='g++ -E'
CXXDEPMODE='depmode=gcc3'
CXXFLAGS='-O3 -ffast-math'
CYGPATH_W='echo'
DEBUG=''
DEFS='-DPACKAGE_NAME=\"libalize\" -DPACKAGE_TARNAME=\"libalize\" -DPACKAGE_VERSION=\"3.0\" -DPACKAGE_STRING=\"libalize\ 3.0\" -DPACKAGE_BUGREPORT=\"dev-alize@listes.univ-avignon.fr\" -DPACKAGE_URL=\"\" -DPACKAGE=\"libalize\" -DVERSION=\"3.0\" -DSTDC_HEADERS=1 -DHAVE_SYS_TYPES_H=1 -DHAVE_SYS_STAT_H=1 -DHAVE_STDLIB_H=1 -DHAVE_STRING_H=1 -DHAVE_MEMORY_H=1 -DHAVE_STRINGS_H=1 -DHAVE_INTTYPES_H=1 -DHAVE_STDINT_H=1 -DHAVE_UNISTD_H=1 -DHAVE_DLFCN_H=1 -DLT_OBJDIR=\".libs/\"'
DEPDIR='.deps'
DSYMUTIL=''
DUMPBIN=''
ECHO_C=''
ECHO_N='-n'
ECHO_T=''
EGREP='/bin/grep -E'
EXEEXT=''
FGREP='/bin/grep -F'
GREP='/bin/grep'
INSTALL_DATA='${INSTALL} -m 644'
INSTALL_PROGRAM='${INSTALL}'
INSTALL_SCRIPT='${INSTALL}'
INSTALL_STRIP_PROGRAM='$(install_sh) -c -s'
LD='/usr/bin//ld -m elf_x86_64'
LDFLAGS=''
LIBOBJS=''
LIBS=''
LIBTOOL='$(SHELL) $(top_builddir)/libtool'
LIPO=''
LN_S='ln -s'
LTLIBOBJS=''
MAKEINFO='${SHELL} /local/AudioVideoSpkSeg/Tools/ALIZE-3.0/missing --run makeinfo'
MKDIR_P='/bin/mkdir -p'
NM='/usr/bin//nm -B'
NMEDIT=''
OBJDUMP='objdump'
OBJEXT='o'
OS='Linux'
OTOOL64=''
OTOOL=''
PACKAGE='libalize'
PACKAGE_BUGREPORT='dev-alize@listes.univ-avignon.fr'
PACKAGE_NAME='libalize'
PACKAGE_STRING='libalize 3.0'
PACKAGE_TARNAME='libalize'
PACKAGE_URL=''
PACKAGE_VERSION='3.0'
PATH_SEPARATOR=':'
RANLIB='ranlib'
SED='/bin/sed'
SET_MAKE=''
SHELL='/bin/bash'
STRIP='strip'
VERSION='3.0'
ac_ct_CC='gcc'
ac_ct_CXX='g++'
ac_ct_DUMPBIN=''
am__EXEEXT_FALSE=''
am__EXEEXT_TRUE='#'
am__fastdepCC_FALSE='#'
am__fastdepCC_TRUE=''
am__fastdepCXX_FALSE='#'
am__fastdepCXX_TRUE=''
am__include='include'
am__isrc=''
am__leading_dot='.'
am__quote=''
am__tar='${AMTAR} chof - "$$tardir"'
am__untar='${AMTAR} xf -'
bindir='${exec_prefix}/bin'
build='x86_64-unknown-linux-gnu'
build_alias=''
build_cpu='x86_64'
build_os='linux-gnu'
build_vendor='unknown'
datadir='${datarootdir}'
datarootdir='${prefix}/share'
docdir='${datarootdir}/doc/${PACKAGE_TARNAME}'
dvidir='${docdir}'
exec_prefix='${prefix}'
host='x86_64-unknown-linux-gnu'
host_alias=''
host_cpu='x86_64'
host_os='linux-gnu'
host_vendor='unknown'
htmldir='${docdir}'
includedir='${prefix}/include'
infodir='${datarootdir}/info'
install_sh='${SHELL} /local/AudioVideoSpkSeg/Tools/ALIZE-3.0/install-sh'
libdir='${exec_prefix}/lib'
libexecdir='${exec_prefix}/libexec'
localedir='${datarootdir}/locale'
localstatedir='${prefix}/var'
lt_ECHO='echo'
mandir='${datarootdir}/man'
mkdir_p='/bin/mkdir -p'
oldincludedir='/usr/include'
pdfdir='${docdir}'
prefix='/usr/local'
program_transform_name='s,x,x,'
psdir='${docdir}'
sbindir='${exec_prefix}/sbin'
sharedstatedir='${prefix}/com'
sysconfdir='${prefix}/etc'
target_alias=''

## ----------- ##
## confdefs.h. ##
## ----------- ##

/* confdefs.h */
#define PACKAGE_NAME "libalize"
#define PACKAGE_TARNAME "libalize"
#define PACKAGE_VERSION "3.0"
#define PACKAGE_STRING "libalize 3.0"
#define PACKAGE_BUGREPORT "dev-alize@listes.univ-avignon.fr"
#define PACKAGE_URL ""
#define PACKAGE "libalize"
#define VERSION "3.0"
#define STDC_HEADERS 1
#define HAVE_SYS_TYPES_H 1
#define HAVE_SYS_STAT_H 1
#define HAVE_STDLIB_H 1
#define HAVE_STRING_H 1
#define HAVE_MEMORY_H 1
#define HAVE_STRINGS_H 1
#define HAVE_INTTYPES_H 1
#define HAVE_STDINT_H 1
#define HAVE_UNISTD_H 1
#define HAVE_DLFCN_H 1
#define LT_OBJDIR ".libs/"

configure: exit 0
