This file contains any messages produced by compilers while
running configure, to aid debugging if configure makes a mistake.

It was created by LIA_RAL configure 3.0, which was
generated by GNU Autoconf 2.67.  Invocation command line was

  $ ./configure 

## --------- ##
## Platform. ##
## --------- ##

hostname = agecanonix
uname -m = x86_64
uname -r = 3.2.23-mosix64
uname -s = Linux
uname -v = #1 SMP Thu Sep 6 10:23:50 CEST 2012

/usr/bin/uname -p = unknown
/bin/uname -X     = unknown

/bin/arch              = unknown
/usr/bin/arch -k       = unknown
/usr/convex/getsysinfo = unknown
/usr/bin/hostinfo      = unknown
/bin/machine           = unknown
/usr/bin/oslevel       = unknown
/bin/universe          = unknown

PATH: .
PATH: /labo/Tools/bin/
PATH: /labo/Tools/src/SPEERAL/sphere/bin/
PATH: /usr/X11R6/bin/
PATH: /bin
PATH: /usr/bin/
PATH: /usr/lib/


## ----------- ##
## Core tests. ##
## ----------- ##

configure:2279: checking for a BSD-compatible install
configure:2347: result: /usr/bin//install -c
configure:2358: checking whether build environment is sane
configure:2408: result: yes
configure:2549: checking for a thread-safe mkdir -p
configure:2588: result: /bin/mkdir -p
configure:2601: checking for gawk
configure:2617: found /usr/bin//gawk
configure:2628: result: gawk
configure:2639: checking whether make sets $(MAKE)
configure:2661: result: yes
configure:2801: checking for g++
configure:2817: found /usr/bin//g++
configure:2828: result: g++
configure:2855: checking for C++ compiler version
configure:2864: g++ --version >&5
g++ (Debian 4.4.5-8) 4.4.5
Copyright (C) 2010 Free Software Foundation, Inc.
This is free software; see the source for copying conditions.  There is NO
warranty; not even for MERCHANTABILITY or FITNESS FOR A PARTICULAR PURPOSE.

configure:2875: $? = 0
configure:2864: g++ -v >&5
Using built-in specs.
Target: x86_64-linux-gnu
Configured with: ../src/configure -v --with-pkgversion='Debian 4.4.5-8' --with-bugurl=file:///usr/share/doc/gcc-4.4/README.Bugs --enable-languages=c,c++,fortran,objc,obj-c++ --prefix=/usr --program-suffix=-4.4 --enable-shared --enable-multiarch --enable-linker-build-id --with-system-zlib --libexecdir=/usr/lib --without-included-gettext --enable-threads=posix --with-gxx-include-dir=/usr/include/c++/4.4 --libdir=/usr/lib --enable-nls --enable-clocale=gnu --enable-libstdcxx-debug --enable-objc-gc --with-arch-32=i586 --with-tune=generic --enable-checking=release --build=x86_64-linux-gnu --host=x86_64-linux-gnu --target=x86_64-linux-gnu
Thread model: posix
gcc version 4.4.5 (Debian 4.4.5-8) 
configure:2875: $? = 0
configure:2864: g++ -V >&5
g++: '-V' option must have argument
configure:2875: $? = 1
configure:2864: g++ -qversion >&5
g++: unrecognized option '-qversion'
g++: no input files
configure:2875: $? = 1
configure:2895: checking whether the C++ compiler works
configure:2917: g++    conftest.cpp  >&5
configure:2921: $? = 0
configure:2969: result: yes
configure:2972: checking for C++ compiler default output file name
configure:2974: result: a.out
configure:2980: checking for suffix of executables
configure:2987: g++ -o conftest    conftest.cpp  >&5
configure:2991: $? = 0
configure:3013: result: 
configure:3035: checking whether we are cross compiling
configure:3043: g++ -o conftest    conftest.cpp  >&5
configure:3047: $? = 0
configure:3054: ./conftest
configure:3058: $? = 0
configure:3073: result: no
configure:3078: checking for suffix of object files
configure:3100: g++ -c   conftest.cpp >&5
configure:3104: $? = 0
configure:3125: result: o
configure:3129: checking whether we are using the GNU C++ compiler
configure:3148: g++ -c   conftest.cpp >&5
configure:3148: $? = 0
configure:3157: result: yes
configure:3166: checking whether g++ accepts -g
configure:3186: g++ -c -g  conftest.cpp >&5
configure:3186: $? = 0
configure:3227: result: yes
configure:3261: checking for style of include used by make
configure:3289: result: GNU
configure:3314: checking dependency style of g++
configure:3424: result: gcc3
configure:3487: checking for gcc
configure:3503: found /usr/bin//gcc
configure:3514: result: gcc
configure:3743: checking for C compiler version
configure:3752: gcc --version >&5
gcc (Debian 4.4.5-8) 4.4.5
Copyright (C) 2010 Free Software Foundation, Inc.
This is free software; see the source for copying conditions.  There is NO
warranty; not even for MERCHANTABILITY or FITNESS FOR A PARTICULAR PURPOSE.

configure:3763: $? = 0
configure:3752: gcc -v >&5
Using built-in specs.
Target: x86_64-linux-gnu
Configured with: ../src/configure -v --with-pkgversion='Debian 4.4.5-8' --with-bugurl=file:///usr/share/doc/gcc-4.4/README.Bugs --enable-languages=c,c++,fortran,objc,obj-c++ --prefix=/usr --program-suffix=-4.4 --enable-shared --enable-multiarch --enable-linker-build-id --with-system-zlib --libexecdir=/usr/lib --without-included-gettext --enable-threads=posix --with-gxx-include-dir=/usr/include/c++/4.4 --libdir=/usr/lib --enable-nls --enable-clocale=gnu --enable-libstdcxx-debug --enable-objc-gc --with-arch-32=i586 --with-tune=generic --enable-checking=release --build=x86_64-linux-gnu --host=x86_64-linux-gnu --target=x86_64-linux-gnu
Thread model: posix
gcc version 4.4.5 (Debian 4.4.5-8) 
configure:3763: $? = 0
configure:3752: gcc -V >&5
gcc: '-V' option must have argument
configure:3763: $? = 1
configure:3752: gcc -qversion >&5
gcc: unrecognized option '-qversion'
gcc: no input files
configure:3763: $? = 1
configure:3767: checking whether we are using the GNU C compiler
configure:3786: gcc -c   conftest.c >&5
configure:3786: $? = 0
configure:3795: result: yes
configure:3804: checking whether gcc accepts -g
configure:3824: gcc -c -g  conftest.c >&5
configure:3824: $? = 0
configure:3865: result: yes
configure:3882: checking for gcc option to accept ISO C89
configure:3946: gcc  -c -g -O2  conftest.c >&5
configure:3946: $? = 0
configure:3959: result: none needed
configure:3981: checking dependency style of gcc
configure:4091: result: gcc3
configure:4106: checking whether ln -s works
configure:4110: result: yes
configure:4117: checking whether make sets $(MAKE)
configure:4139: result: yes
configure:4191: checking for ranlib
configure:4207: found /usr/bin//ranlib
configure:4218: result: ranlib
configure:4312: checking for /local/AudioVideoSpkSeg/Tools/LIA_RAL-3.0/../ALIZE//lib/libalize_Linux_x86_64.a
configure:4326: result: yes
configure:4333: checking for /local/AudioVideoSpkSeg/Tools/LIA_RAL-3.0/../ALIZE//lib/libalize.a
configure:4347: result: no
configure:4380: checking how to run the C preprocessor
configure:4411: gcc -E  conftest.c
configure:4411: $? = 0
configure:4425: gcc -E  conftest.c
conftest.c:11:28: error: ac_nonexistent.h: No such file or directory
configure:4425: $? = 1
configure: failed program was:
| /* confdefs.h */
| #define PACKAGE_NAME "LIA_RAL"
| #define PACKAGE_TARNAME "lia_ral"
| #define PACKAGE_VERSION "3.0"
| #define PACKAGE_STRING "LIA_RAL 3.0"
| #define PACKAGE_BUGREPORT "dev-alize@listes.univ-avignon.fr"
| #define PACKAGE_URL ""
| #define PACKAGE "LIA_RAL"
| #define VERSION "3.0"
| /* end confdefs.h.  */
| #include <ac_nonexistent.h>
configure:4450: result: gcc -E
configure:4470: gcc -E  conftest.c
configure:4470: $? = 0
configure:4484: gcc -E  conftest.c
conftest.c:11:28: error: ac_nonexistent.h: No such file or directory
configure:4484: $? = 1
configure: failed program was:
| /* confdefs.h */
| #define PACKAGE_NAME "LIA_RAL"
| #define PACKAGE_TARNAME "lia_ral"
| #define PACKAGE_VERSION "3.0"
| #define PACKAGE_STRING "LIA_RAL 3.0"
| #define PACKAGE_BUGREPORT "dev-alize@listes.univ-avignon.fr"
| #define PACKAGE_URL ""
| #define PACKAGE "LIA_RAL"
| #define VERSION "3.0"
| /* end confdefs.h.  */
| #include <ac_nonexistent.h>
configure:4513: checking for grep that handles long lines and -e
configure:4571: result: /bin/grep
configure:4576: checking for egrep
configure:4638: result: /bin/grep -E
configure:4643: checking for ANSI C header files
configure:4663: gcc -c -g -O2  conftest.c >&5
configure:4663: $? = 0
configure:4736: gcc -o conftest -g -O2   conftest.c  >&5
configure:4736: $? = 0
configure:4736: ./conftest
configure:4736: $? = 0
configure:4747: result: yes
configure:4760: checking for sys/types.h
configure:4760: gcc -c -g -O2  conftest.c >&5
configure:4760: $? = 0
configure:4760: result: yes
configure:4760: checking for sys/stat.h
configure:4760: gcc -c -g -O2  conftest.c >&5
configure:4760: $? = 0
configure:4760: result: yes
configure:4760: checking for stdlib.h
configure:4760: gcc -c -g -O2  conftest.c >&5
configure:4760: $? = 0
configure:4760: result: yes
configure:4760: checking for string.h
configure:4760: gcc -c -g -O2  conftest.c >&5
configure:4760: $? = 0
configure:4760: result: yes
configure:4760: checking for memory.h
configure:4760: gcc -c -g -O2  conftest.c >&5
configure:4760: $? = 0
configure:4760: result: yes
configure:4760: checking for strings.h
configure:4760: gcc -c -g -O2  conftest.c >&5
configure:4760: $? = 0
configure:4760: result: yes
configure:4760: checking for inttypes.h
configure:4760: gcc -c -g -O2  conftest.c >&5
configure:4760: $? = 0
configure:4760: result: yes
configure:4760: checking for stdint.h
configure:4760: gcc -c -g -O2  conftest.c >&5
configure:4760: $? = 0
configure:4760: result: yes
configure:4760: checking for unistd.h
configure:4760: gcc -c -g -O2  conftest.c >&5
configure:4760: $? = 0
configure:4760: result: yes
configure:4775: checking fcntl.h usability
configure:4775: gcc -c -g -O2  conftest.c >&5
configure:4775: $? = 0
configure:4775: result: yes
configure:4775: checking fcntl.h presence
configure:4775: gcc -E  conftest.c
configure:4775: $? = 0
configure:4775: result: yes
configure:4775: checking for fcntl.h
configure:4775: result: yes
configure:4775: checking float.h usability
configure:4775: gcc -c -g -O2  conftest.c >&5
configure:4775: $? = 0
configure:4775: result: yes
configure:4775: checking float.h presence
configure:4775: gcc -E  conftest.c
configure:4775: $? = 0
configure:4775: result: yes
configure:4775: checking for float.h
configure:4775: result: yes
configure:4775: checking netinet/in.h usability
configure:4775: gcc -c -g -O2  conftest.c >&5
configure:4775: $? = 0
configure:4775: result: yes
configure:4775: checking netinet/in.h presence
configure:4775: gcc -E  conftest.c
configure:4775: $? = 0
configure:4775: result: yes
configure:4775: checking for netinet/in.h
configure:4775: result: yes
configure:4775: checking for stdlib.h
configure:4775: result: yes
configure:4775: checking for string.h
configure:4775: result: yes
configure:4775: checking for strings.h
configure:4775: result: yes
configure:4775: checking sys/time.h usability
configure:4775: gcc -c -g -O2  conftest.c >&5
configure:4775: $? = 0
configure:4775: result: yes
configure:4775: checking sys/time.h presence
configure:4775: gcc -E  conftest.c
configure:4775: $? = 0
configure:4775: result: yes
configure:4775: checking for sys/time.h
configure:4775: result: yes
configure:4775: checking for unistd.h
configure:4775: result: yes
configure:4787: checking for stdbool.h that conforms to C99
configure:4872: gcc -c -g -O2  conftest.c >&5
configure:4872: $? = 0
configure:4879: result: yes
configure:4881: checking for _Bool
configure:4881: gcc -c -g -O2  conftest.c >&5
configure:4881: $? = 0
configure:4881: gcc -c -g -O2  conftest.c >&5
conftest.c: In function 'main':
conftest.c:65: error: expected expression before ')' token
configure:4881: $? = 1
configure: failed program was:
| /* confdefs.h */
| #define PACKAGE_NAME "LIA_RAL"
| #define PACKAGE_TARNAME "lia_ral"
| #define PACKAGE_VERSION "3.0"
| #define PACKAGE_STRING "LIA_RAL 3.0"
| #define PACKAGE_BUGREPORT "dev-alize@listes.univ-avignon.fr"
| #define PACKAGE_URL ""
| #define PACKAGE "LIA_RAL"
| #define VERSION "3.0"
| #define STDC_HEADERS 1
| #define HAVE_SYS_TYPES_H 1
| #define HAVE_SYS_STAT_H 1
| #define HAVE_STDLIB_H 1
| #define HAVE_STRING_H 1
| #define HAVE_MEMORY_H 1
| #define HAVE_STRINGS_H 1
| #define HAVE_INTTYPES_H 1
| #define HAVE_STDINT_H 1
| #define HAVE_UNISTD_H 1
| #define HAVE_FCNTL_H 1
| #define HAVE_FLOAT_H 1
| #define HAVE_NETINET_IN_H 1
| #define HAVE_STDLIB_H 1
| #define HAVE_STRING_H 1
| #define HAVE_STRINGS_H 1
| #define HAVE_SYS_TIME_H 1
| #define HAVE_UNISTD_H 1
| /* end confdefs.h.  */
| #include <stdio.h>
| #ifdef HAVE_SYS_TYPES_H
| # include <sys/types.h>
| #endif
| #ifdef HAVE_SYS_STAT_H
| # include <sys/stat.h>
| #endif
| #ifdef STDC_HEADERS
| # include <stdlib.h>
| # include <stddef.h>
| #else
| # ifdef HAVE_STDLIB_H
| #  include <stdlib.h>
| # endif
| #endif
| #ifdef HAVE_STRING_H
| # if !defined STDC_HEADERS && defined HAVE_MEMORY_H
| #  include <memory.h>
| # endif
| # include <string.h>
| #endif
| #ifdef HAVE_STRINGS_H
| # include <strings.h>
| #endif
| #ifdef HAVE_INTTYPES_H
| # include <inttypes.h>
| #endif
| #ifdef HAVE_STDINT_H
| # include <stdint.h>
| #endif
| #ifdef HAVE_UNISTD_H
| # include <unistd.h>
| #endif
| int
| main ()
| {
| if (sizeof ((_Bool)))
| 	    return 0;
|   ;
|   return 0;
| }
configure:4881: result: yes
configure:4897: checking for an ANSI C-conforming const
configure:4962: gcc -c -g -O2  conftest.c >&5
configure:4962: $? = 0
configure:4969: result: yes
configure:4977: checking for inline
configure:4993: gcc -c -g -O2  conftest.c >&5
configure:4993: $? = 0
configure:5001: result: inline
configure:5019: checking for working volatile
configure:5038: gcc -c -g -O2  conftest.c >&5
configure:5038: $? = 0
configure:5045: result: yes
configure:5057: checking for stdlib.h
configure:5057: result: yes
configure:5067: checking for GNU libc compatible malloc
configure:5091: gcc -o conftest -g -O2   conftest.c  >&5
configure:5091: $? = 0
configure:5091: ./conftest
configure:5091: $? = 0
configure:5101: result: yes
configure:5124: checking for stdlib.h
configure:5124: result: yes
configure:5134: checking for GNU libc compatible realloc
configure:5158: gcc -o conftest -g -O2   conftest.c  >&5
configure:5158: $? = 0
configure:5158: ./conftest
configure:5158: $? = 0
configure:5168: result: yes
configure:5189: checking whether lstat correctly handles trailing slash
configure:5215: gcc -o conftest -g -O2   conftest.c  >&5
configure:5215: $? = 0
configure:5215: ./conftest
configure:5215: $? = 0
configure:5232: result: yes
configure:5251: checking whether stat accepts an empty string
configure:5271: gcc -o conftest -g -O2   conftest.c  >&5
configure:5271: $? = 0
configure:5271: ./conftest
configure:5271: $? = 0
configure:5281: result: no
configure:5299: checking for vprintf
configure:5299: gcc -o conftest -g -O2   conftest.c  >&5
conftest.c:59: warning: conflicting types for built-in function 'vprintf'
configure:5299: $? = 0
configure:5299: result: yes
configure:5305: checking for _doprnt
configure:5305: gcc -o conftest -g -O2   conftest.c  >&5
/tmp/ccDJChRE.o: In function `main':
/local/AudioVideoSpkSeg/Tools/LIA_RAL-3.0/conftest.c:71: undefined reference to `_doprnt'
collect2: ld returned 1 exit status
configure:5305: $? = 1
configure: failed program was:
| /* confdefs.h */
| #define PACKAGE_NAME "LIA_RAL"
| #define PACKAGE_TARNAME "lia_ral"
| #define PACKAGE_VERSION "3.0"
| #define PACKAGE_STRING "LIA_RAL 3.0"
| #define PACKAGE_BUGREPORT "dev-alize@listes.univ-avignon.fr"
| #define PACKAGE_URL ""
| #define PACKAGE "LIA_RAL"
| #define VERSION "3.0"
| #define STDC_HEADERS 1
| #define HAVE_SYS_TYPES_H 1
| #define HAVE_SYS_STAT_H 1
| #define HAVE_STDLIB_H 1
| #define HAVE_STRING_H 1
| #define HAVE_MEMORY_H 1
| #define HAVE_STRINGS_H 1
| #define HAVE_INTTYPES_H 1
| #define HAVE_STDINT_H 1
| #define HAVE_UNISTD_H 1
| #define HAVE_FCNTL_H 1
| #define HAVE_FLOAT_H 1
| #define HAVE_NETINET_IN_H 1
| #define HAVE_STDLIB_H 1
| #define HAVE_STRING_H 1
| #define HAVE_STRINGS_H 1
| #define HAVE_SYS_TIME_H 1
| #define HAVE_UNISTD_H 1
| #define HAVE__BOOL 1
| #define HAVE_STDBOOL_H 1
| #define HAVE_STDLIB_H 1
| #define HAVE_MALLOC 1
| #define HAVE_STDLIB_H 1
| #define HAVE_REALLOC 1
| #define LSTAT_FOLLOWS_SLASHED_SYMLINK 1
| #define HAVE_VPRINTF 1
| /* end confdefs.h.  */
| /* Define _doprnt to an innocuous variant, in case <limits.h> declares _doprnt.
|    For example, HP-UX 11i <limits.h> declares gettimeofday.  */
| #define _doprnt innocuous__doprnt
| 
| /* System header to define __stub macros and hopefully few prototypes,
|     which can conflict with char _doprnt (); below.
|     Prefer <limits.h> to <assert.h> if __STDC__ is defined, since
|     <limits.h> exists even on freestanding compilers.  */
| 
| #ifdef __STDC__
| # include <limits.h>
| #else
| # include <assert.h>
| #endif
| 
| #undef _doprnt
| 
| /* Override any GCC internal prototype to avoid an error.
|    Use char because int might match the return type of a GCC
|    builtin and then its argument prototype would still apply.  */
| #ifdef __cplusplus
| extern "C"
| #endif
| char _doprnt ();
| /* The GNU C library defines this for functions which it implements
|     to always fail with ENOSYS.  Some functions are actually named
|     something starting with __ and the normal name is an alias.  */
| #if defined __stub__doprnt || defined __stub____doprnt
| choke me
| #endif
| 
| int
| main ()
| {
| return _doprnt ();
|   ;
|   return 0;
| }
configure:5305: result: no
configure:5319: checking for floor
configure:5319: gcc -o conftest -g -O2   conftest.c  >&5
conftest.c:60: warning: conflicting types for built-in function 'floor'
/tmp/ccGPlGvK.o: In function `main':
/local/AudioVideoSpkSeg/Tools/LIA_RAL-3.0/conftest.c:71: undefined reference to `floor'
collect2: ld returned 1 exit status
configure:5319: $? = 1
configure: failed program was:
| /* confdefs.h */
| #define PACKAGE_NAME "LIA_RAL"
| #define PACKAGE_TARNAME "lia_ral"
| #define PACKAGE_VERSION "3.0"
| #define PACKAGE_STRING "LIA_RAL 3.0"
| #define PACKAGE_BUGREPORT "dev-alize@listes.univ-avignon.fr"
| #define PACKAGE_URL ""
| #define PACKAGE "LIA_RAL"
| #define VERSION "3.0"
| #define STDC_HEADERS 1
| #define HAVE_SYS_TYPES_H 1
| #define HAVE_SYS_STAT_H 1
| #define HAVE_STDLIB_H 1
| #define HAVE_STRING_H 1
| #define HAVE_MEMORY_H 1
| #define HAVE_STRINGS_H 1
| #define HAVE_INTTYPES_H 1
| #define HAVE_STDINT_H 1
| #define HAVE_UNISTD_H 1
| #define HAVE_FCNTL_H 1
| #define HAVE_FLOAT_H 1
| #define HAVE_NETINET_IN_H 1
| #define HAVE_STDLIB_H 1
| #define HAVE_STRING_H 1
| #define HAVE_STRINGS_H 1
| #define HAVE_SYS_TIME_H 1
| #define HAVE_UNISTD_H 1
| #define HAVE__BOOL 1
| #define HAVE_STDBOOL_H 1
| #define HAVE_STDLIB_H 1
| #define HAVE_MALLOC 1
| #define HAVE_STDLIB_H 1
| #define HAVE_REALLOC 1
| #define LSTAT_FOLLOWS_SLASHED_SYMLINK 1
| #define HAVE_VPRINTF 1
| /* end confdefs.h.  */
| /* Define floor to an innocuous variant, in case <limits.h> declares floor.
|    For example, HP-UX 11i <limits.h> declares gettimeofday.  */
| #define floor innocuous_floor
| 
| /* System header to define __stub macros and hopefully few prototypes,
|     which can conflict with char floor (); below.
|     Prefer <limits.h> to <assert.h> if __STDC__ is defined, since
|     <limits.h> exists even on freestanding compilers.  */
| 
| #ifdef __STDC__
| # include <limits.h>
| #else
| # include <assert.h>
| #endif
| 
| #undef floor
| 
| /* Override any GCC internal prototype to avoid an error.
|    Use char because int might match the return type of a GCC
|    builtin and then its argument prototype would still apply.  */
| #ifdef __cplusplus
| extern "C"
| #endif
| char floor ();
| /* The GNU C library defines this for functions which it implements
|     to always fail with ENOSYS.  Some functions are actually named
|     something starting with __ and the normal name is an alias.  */
| #if defined __stub_floor || defined __stub___floor
| choke me
| #endif
| 
| int
| main ()
| {
| return floor ();
|   ;
|   return 0;
| }
configure:5319: result: no
configure:5319: checking for memmove
configure:5319: gcc -o conftest -g -O2   conftest.c  >&5
conftest.c:60: warning: conflicting types for built-in function 'memmove'
configure:5319: $? = 0
configure:5319: result: yes
configure:5319: checking for memset
configure:5319: gcc -o conftest -g -O2   conftest.c  >&5
conftest.c:61: warning: conflicting types for built-in function 'memset'
configure:5319: $? = 0
configure:5319: result: yes
configure:5319: checking for pow
configure:5319: gcc -o conftest -g -O2   conftest.c  >&5
conftest.c:62: warning: conflicting types for built-in function 'pow'
/tmp/ccMyspiX.o: In function `main':
/local/AudioVideoSpkSeg/Tools/LIA_RAL-3.0/conftest.c:73: undefined reference to `pow'
collect2: ld returned 1 exit status
configure:5319: $? = 1
configure: failed program was:
| /* confdefs.h */
| #define PACKAGE_NAME "LIA_RAL"
| #define PACKAGE_TARNAME "lia_ral"
| #define PACKAGE_VERSION "3.0"
| #define PACKAGE_STRING "LIA_RAL 3.0"
| #define PACKAGE_BUGREPORT "dev-alize@listes.univ-avignon.fr"
| #define PACKAGE_URL ""
| #define PACKAGE "LIA_RAL"
| #define VERSION "3.0"
| #define STDC_HEADERS 1
| #define HAVE_SYS_TYPES_H 1
| #define HAVE_SYS_STAT_H 1
| #define HAVE_STDLIB_H 1
| #define HAVE_STRING_H 1
| #define HAVE_MEMORY_H 1
| #define HAVE_STRINGS_H 1
| #define HAVE_INTTYPES_H 1
| #define HAVE_STDINT_H 1
| #define HAVE_UNISTD_H 1
| #define HAVE_FCNTL_H 1
| #define HAVE_FLOAT_H 1
| #define HAVE_NETINET_IN_H 1
| #define HAVE_STDLIB_H 1
| #define HAVE_STRING_H 1
| #define HAVE_STRINGS_H 1
| #define HAVE_SYS_TIME_H 1
| #define HAVE_UNISTD_H 1
| #define HAVE__BOOL 1
| #define HAVE_STDBOOL_H 1
| #define HAVE_STDLIB_H 1
| #define HAVE_MALLOC 1
| #define HAVE_STDLIB_H 1
| #define HAVE_REALLOC 1
| #define LSTAT_FOLLOWS_SLASHED_SYMLINK 1
| #define HAVE_VPRINTF 1
| #define HAVE_MEMMOVE 1
| #define HAVE_MEMSET 1
| /* end confdefs.h.  */
| /* Define pow to an innocuous variant, in case <limits.h> declares pow.
|    For example, HP-UX 11i <limits.h> declares gettimeofday.  */
| #define pow innocuous_pow
| 
| /* System header to define __stub macros and hopefully few prototypes,
|     which can conflict with char pow (); below.
|     Prefer <limits.h> to <assert.h> if __STDC__ is defined, since
|     <limits.h> exists even on freestanding compilers.  */
| 
| #ifdef __STDC__
| # include <limits.h>
| #else
| # include <assert.h>
| #endif
| 
| #undef pow
| 
| /* Override any GCC internal prototype to avoid an error.
|    Use char because int might match the return type of a GCC
|    builtin and then its argument prototype would still apply.  */
| #ifdef __cplusplus
| extern "C"
| #endif
| char pow ();
| /* The GNU C library defines this for functions which it implements
|     to always fail with ENOSYS.  Some functions are actually named
|     something starting with __ and the normal name is an alias.  */
| #if defined __stub_pow || defined __stub___pow
| choke me
| #endif
| 
| int
| main ()
| {
| return pow ();
|   ;
|   return 0;
| }
configure:5319: result: no
configure:5319: checking for sqrt
configure:5319: gcc -o conftest -g -O2   conftest.c  >&5
conftest.c:62: warning: conflicting types for built-in function 'sqrt'
/tmp/cchi6hT2.o: In function `main':
/local/AudioVideoSpkSeg/Tools/LIA_RAL-3.0/conftest.c:73: undefined reference to `sqrt'
collect2: ld returned 1 exit status
configure:5319: $? = 1
configure: failed program was:
| /* confdefs.h */
| #define PACKAGE_NAME "LIA_RAL"
| #define PACKAGE_TARNAME "lia_ral"
| #define PACKAGE_VERSION "3.0"
| #define PACKAGE_STRING "LIA_RAL 3.0"
| #define PACKAGE_BUGREPORT "dev-alize@listes.univ-avignon.fr"
| #define PACKAGE_URL ""
| #define PACKAGE "LIA_RAL"
| #define VERSION "3.0"
| #define STDC_HEADERS 1
| #define HAVE_SYS_TYPES_H 1
| #define HAVE_SYS_STAT_H 1
| #define HAVE_STDLIB_H 1
| #define HAVE_STRING_H 1
| #define HAVE_MEMORY_H 1
| #define HAVE_STRINGS_H 1
| #define HAVE_INTTYPES_H 1
| #define HAVE_STDINT_H 1
| #define HAVE_UNISTD_H 1
| #define HAVE_FCNTL_H 1
| #define HAVE_FLOAT_H 1
| #define HAVE_NETINET_IN_H 1
| #define HAVE_STDLIB_H 1
| #define HAVE_STRING_H 1
| #define HAVE_STRINGS_H 1
| #define HAVE_SYS_TIME_H 1
| #define HAVE_UNISTD_H 1
| #define HAVE__BOOL 1
| #define HAVE_STDBOOL_H 1
| #define HAVE_STDLIB_H 1
| #define HAVE_MALLOC 1
| #define HAVE_STDLIB_H 1
| #define HAVE_REALLOC 1
| #define LSTAT_FOLLOWS_SLASHED_SYMLINK 1
| #define HAVE_VPRINTF 1
| #define HAVE_MEMMOVE 1
| #define HAVE_MEMSET 1
| /* end confdefs.h.  */
| /* Define sqrt to an innocuous variant, in case <limits.h> declares sqrt.
|    For example, HP-UX 11i <limits.h> declares gettimeofday.  */
| #define sqrt innocuous_sqrt
| 
| /* System header to define __stub macros and hopefully few prototypes,
|     which can conflict with char sqrt (); below.
|     Prefer <limits.h> to <assert.h> if __STDC__ is defined, since
|     <limits.h> exists even on freestanding compilers.  */
| 
| #ifdef __STDC__
| # include <limits.h>
| #else
| # include <assert.h>
| #endif
| 
| #undef sqrt
| 
| /* Override any GCC internal prototype to avoid an error.
|    Use char because int might match the return type of a GCC
|    builtin and then its argument prototype would still apply.  */
| #ifdef __cplusplus
| extern "C"
| #endif
| char sqrt ();
| /* The GNU C library defines this for functions which it implements
|     to always fail with ENOSYS.  Some functions are actually named
|     something starting with __ and the normal name is an alias.  */
| #if defined __stub_sqrt || defined __stub___sqrt
| choke me
| #endif
| 
| int
| main ()
| {
| return sqrt ();
|   ;
|   return 0;
| }
configure:5319: result: no
configure:5319: checking for strcasecmp
configure:5319: gcc -o conftest -g -O2   conftest.c  >&5
conftest.c:62: warning: conflicting types for built-in function 'strcasecmp'
configure:5319: $? = 0
configure:5319: result: yes
configure:5319: checking for strdup
configure:5319: gcc -o conftest -g -O2   conftest.c  >&5
conftest.c:63: warning: conflicting types for built-in function 'strdup'
configure:5319: $? = 0
configure:5319: result: yes
configure:5490: creating ./config.status

## ---------------------- ##
## Running config.status. ##
## ---------------------- ##

This file was extended by LIA_RAL config.status 3.0, which was
generated by GNU Autoconf 2.67.  Invocation command line was

  CONFIG_FILES    = 
  CONFIG_HEADERS  = 
  CONFIG_LINKS    = 
  CONFIG_COMMANDS = 
  $ ./config.status 

on agecanonix

config.status:877: creating LIA_SpkTools/Makefile
config.status:877: creating LIA_SpkTools/src/Makefile
config.status:877: creating LIA_SpkDet/Makefile
config.status:877: creating LIA_SpkDet/TrainWorld/Makefile
config.status:877: creating LIA_SpkDet/TrainWorld/src/Makefile
config.status:877: creating LIA_SpkDet/ComputeJFAStats/Makefile
config.status:877: creating LIA_SpkDet/ComputeJFAStats/src/Makefile
config.status:877: creating LIA_SpkDet/ComputeNorm/Makefile
config.status:877: creating LIA_SpkDet/ComputeNorm/src/Makefile
config.status:877: creating LIA_SpkDet/ComputeTest/Makefile
config.status:877: creating LIA_SpkDet/ComputeTest/src/Makefile
config.status:877: creating LIA_SpkDet/CovIntra/Makefile
config.status:877: creating LIA_SpkDet/CovIntra/src/Makefile
config.status:877: creating LIA_SpkDet/CovIntra/src/SVDLIBC/Makefile
config.status:877: creating LIA_SpkDet/EigenChannel/Makefile
config.status:877: creating LIA_SpkDet/EigenChannel/src/Makefile
config.status:877: creating LIA_SpkDet/EigenVoice/Makefile
config.status:877: creating LIA_SpkDet/EigenVoice/src/Makefile
config.status:877: creating LIA_SpkDet/EstimateDMatrix/Makefile
config.status:877: creating LIA_SpkDet/EstimateDMatrix/src/Makefile
config.status:877: creating LIA_SpkDet/EnergyDetector/Makefile
config.status:877: creating LIA_SpkDet/EnergyDetector/src/Makefile
config.status:877: creating LIA_SpkDet/IvExtractor/Makefile
config.status:877: creating LIA_SpkDet/IvExtractor/src/Makefile
config.status:877: creating LIA_SpkDet/IvNorm/Makefile
config.status:877: creating LIA_SpkDet/IvNorm/src/Makefile
config.status:877: creating LIA_SpkDet/IvTest/Makefile
config.status:877: creating LIA_SpkDet/IvTest/src/Makefile
config.status:877: creating LIA_SpkDet/NormFeat/Makefile
config.status:877: creating LIA_SpkDet/NormFeat/src/Makefile
config.status:877: creating LIA_SpkDet/NormFeatWindowMode/Makefile
config.status:877: creating LIA_SpkDet/NormFeatWindowMode/src/Makefile
config.status:877: creating LIA_SpkDet/PLDA/Makefile
config.status:877: creating LIA_SpkDet/PLDA/src/Makefile
config.status:877: creating LIA_SpkDet/ShiftedDeltaFeat/Makefile
config.status:877: creating LIA_SpkDet/ShiftedDeltaFeat/src/Makefile
config.status:877: creating LIA_SpkDet/SpkAdapt/Makefile
config.status:877: creating LIA_SpkDet/SpkAdapt/src/Makefile
config.status:877: creating LIA_SpkDet/TotalVariability/Makefile
config.status:877: creating LIA_SpkDet/TotalVariability/src/Makefile
config.status:877: creating LIA_SpkDet/TrainTarget/Makefile
config.status:877: creating LIA_SpkDet/TrainTarget/src/Makefile
config.status:877: creating LIA_Utils/Makefile
config.status:877: creating LIA_Utils/ExtractParams/Makefile
config.status:877: creating LIA_Utils/ExtractParams/src/Makefile
config.status:877: creating LIA_Utils/FusionScore/Makefile
config.status:877: creating LIA_Utils/FusionScore/src/Makefile
config.status:877: creating LIA_Utils/Hist/Makefile
config.status:877: creating LIA_Utils/Hist/src/Makefile
config.status:877: creating LIA_Utils/LabelFusion/Makefile
config.status:877: creating LIA_Utils/LabelFusion/src/Makefile
config.status:877: creating LIA_Utils/NAPSV/Makefile
config.status:877: creating LIA_Utils/NAPSV/src/Makefile
config.status:877: creating LIA_Utils/PolyExp/Makefile
config.status:877: creating LIA_Utils/PolyExp/src/Makefile
config.status:877: creating LIA_Utils/ReadFeatFile/Makefile
config.status:877: creating LIA_Utils/ReadFeatFile/src/Makefile
config.status:877: creating LIA_Utils/ReadModel/Makefile
config.status:877: creating LIA_Utils/ReadModel/src/Makefile
config.status:877: creating LIA_Utils/ScoreWarp/Makefile
config.status:877: creating LIA_Utils/ScoreWarp/src/Makefile
config.status:877: creating LIA_Utils/Scoring/Makefile
config.status:877: creating LIA_Utils/Scoring/src/Makefile
config.status:877: creating LIA_Utils/Svm/Makefile
config.status:877: creating LIA_Utils/Svm/src/Makefile
config.status:877: creating LIA_Utils/TimeCluster/Makefile
config.status:877: creating LIA_Utils/TimeCluster/src/Makefile
config.status:877: creating LIA_Utils/ModelToSv/Makefile
config.status:877: creating LIA_Utils/ModelToSv/src/Makefile
config.status:877: creating LIA_SpkSeg/Makefile
config.status:877: creating LIA_SpkSeg/AcousticSegmentation/Makefile
config.status:877: creating LIA_SpkSeg/AcousticSegmentation/src/Makefile
config.status:877: creating LIA_SpkSeg/ReSegmentation/Makefile
config.status:877: creating LIA_SpkSeg/ReSegmentation/src/Makefile
config.status:877: creating LIA_SpkSeg/Segmentation/Makefile
config.status:877: creating LIA_SpkSeg/Segmentation/src/Makefile
config.status:877: creating LIA_SpkSeg/TurnDetection/Makefile
config.status:877: creating LIA_SpkSeg/TurnDetection/src/Makefile
config.status:877: creating Makefile
config.status:1048: executing depfiles commands

## ---------------- ##
## Cache variables. ##
## ---------------- ##

ac_cv_c_compiler_gnu=yes
ac_cv_c_const=yes
ac_cv_c_inline=inline
ac_cv_c_volatile=yes
ac_cv_cxx_compiler_gnu=yes
ac_cv_env_CCC_set=
ac_cv_env_CCC_value=
ac_cv_env_CC_set=
ac_cv_env_CC_value=
ac_cv_env_CFLAGS_set=
ac_cv_env_CFLAGS_value=
ac_cv_env_CPPFLAGS_set=
ac_cv_env_CPPFLAGS_value=
ac_cv_env_CPP_set=
ac_cv_env_CPP_value=
ac_cv_env_CXXFLAGS_set=
ac_cv_env_CXXFLAGS_value=
ac_cv_env_CXX_set=
ac_cv_env_CXX_value=
ac_cv_env_LDFLAGS_set=
ac_cv_env_LDFLAGS_value=
ac_cv_env_LIBS_set=
ac_cv_env_LIBS_value=
ac_cv_env_build_alias_set=
ac_cv_env_build_alias_value=
ac_cv_env_host_alias_set=
ac_cv_env_host_alias_value=
ac_cv_env_target_alias_set=
ac_cv_env_target_alias_value=
ac_cv_file__local_AudioVideoSpkSeg_Tools_LIA_RAL_3_0____ALIZE__lib_libalize_Linux_x86_64_a=yes
ac_cv_file__local_AudioVideoSpkSeg_Tools_LIA_RAL_3_0____ALIZE__lib_libalize_a=no
ac_cv_func__doprnt=no
ac_cv_func_floor=no
ac_cv_func_lstat_dereferences_slashed_symlink=yes
ac_cv_func_malloc_0_nonnull=yes
ac_cv_func_memmove=yes
ac_cv_func_memset=yes
ac_cv_func_pow=no
ac_cv_func_realloc_0_nonnull=yes
ac_cv_func_sqrt=no
ac_cv_func_stat_empty_string_bug=no
ac_cv_func_strcasecmp=yes
ac_cv_func_strdup=yes
ac_cv_func_vprintf=yes
ac_cv_header_fcntl_h=yes
ac_cv_header_float_h=yes
ac_cv_header_inttypes_h=yes
ac_cv_header_memory_h=yes
ac_cv_header_netinet_in_h=yes
ac_cv_header_stdbool_h=yes
ac_cv_header_stdc=yes
ac_cv_header_stdint_h=yes
ac_cv_header_stdlib_h=yes
ac_cv_header_string_h=yes
ac_cv_header_strings_h=yes
ac_cv_header_sys_stat_h=yes
ac_cv_header_sys_time_h=yes
ac_cv_header_sys_types_h=yes
ac_cv_header_unistd_h=yes
ac_cv_objext=o
ac_cv_path_EGREP='/bin/grep -E'
ac_cv_path_GREP=/bin/grep
ac_cv_path_install='/usr/bin//install -c'
ac_cv_path_mkdir=/bin/mkdir
ac_cv_prog_AWK=gawk
ac_cv_prog_CPP='gcc -E'
ac_cv_prog_ac_ct_CC=gcc
ac_cv_prog_ac_ct_CXX=g++
ac_cv_prog_ac_ct_RANLIB=ranlib
ac_cv_prog_cc_c89=
ac_cv_prog_cc_g=yes
ac_cv_prog_cxx_g=yes
ac_cv_prog_make_make_set=yes
ac_cv_type__Bool=yes
am_cv_CC_dependencies_compiler_type=gcc3
am_cv_CXX_dependencies_compiler_type=gcc3

## ----------------- ##
## Output variables. ##
## ----------------- ##

ACLOCAL='${SHELL} /local/AudioVideoSpkSeg/Tools/LIA_RAL-3.0/missing --run aclocal-1.11'
ALIZE_PATH='/local/AudioVideoSpkSeg/Tools/LIA_RAL-3.0/../ALIZE/'
AMDEPBACKSLASH='\'
AMDEP_FALSE='#'
AMDEP_TRUE=''
AMTAR='${SHELL} /local/AudioVideoSpkSeg/Tools/LIA_RAL-3.0/missing --run tar'
ARCH='x86_64'
AUTOCONF='${SHELL} /local/AudioVideoSpkSeg/Tools/LIA_RAL-3.0/missing --run autoconf'
AUTOHEADER='${SHELL} /local/AudioVideoSpkSeg/Tools/LIA_RAL-3.0/missing --run autoheader'
AUTOMAKE='${SHELL} /local/AudioVideoSpkSeg/Tools/LIA_RAL-3.0/missing --run automake-1.11'
AWK='gawk'
CC='gcc'
CCDEPMODE='depmode=gcc3'
CFLAGS='-g -O2'
CPP='gcc -E'
CPPFLAGS=''
CXX='g++'
CXXDEPMODE='depmode=gcc3'
CXXFLAGS='-O3 -ffast-math'
CYGPATH_W='echo'
DEBUG=''
DEFS='-DPACKAGE_NAME=\"LIA_RAL\" -DPACKAGE_TARNAME=\"lia_ral\" -DPACKAGE_VERSION=\"3.0\" -DPACKAGE_STRING=\"LIA_RAL\ 3.0\" -DPACKAGE_BUGREPORT=\"dev-alize@listes.univ-avignon.fr\" -DPACKAGE_URL=\"\" -DPACKAGE=\"LIA_RAL\" -DVERSION=\"3.0\" -DSTDC_HEADERS=1 -DHAVE_SYS_TYPES_H=1 -DHAVE_SYS_STAT_H=1 -DHAVE_STDLIB_H=1 -DHAVE_STRING_H=1 -DHAVE_MEMORY_H=1 -DHAVE_STRINGS_H=1 -DHAVE_INTTYPES_H=1 -DHAVE_STDINT_H=1 -DHAVE_UNISTD_H=1 -DHAVE_FCNTL_H=1 -DHAVE_FLOAT_H=1 -DHAVE_NETINET_IN_H=1 -DHAVE_STDLIB_H=1 -DHAVE_STRING_H=1 -DHAVE_STRINGS_H=1 -DHAVE_SYS_TIME_H=1 -DHAVE_UNISTD_H=1 -DHAVE__BOOL=1 -DHAVE_STDBOOL_H=1 -DHAVE_STDLIB_H=1 -DHAVE_MALLOC=1 -DHAVE_STDLIB_H=1 -DHAVE_REALLOC=1 -DLSTAT_FOLLOWS_SLASHED_SYMLINK=1 -DHAVE_VPRINTF=1 -DHAVE_MEMMOVE=1 -DHAVE_MEMSET=1 -DHAVE_STRCASECMP=1 -DHAVE_STRDUP=1'
DEPDIR='.deps'
ECHO_C=''
ECHO_N='-n'
ECHO_T=''
EGREP='/bin/grep -E'
EXEEXT=''
GREP='/bin/grep'
INSTALL_DATA='${INSTALL} -m 644'
INSTALL_PROGRAM='${INSTALL}'
INSTALL_SCRIPT='${INSTALL}'
INSTALL_STRIP_PROGRAM='$(install_sh) -c -s'
LAPACK_PATH='/local/AudioVideoSpkSeg/Tools/LIA_RAL-3.0/../lapack/'
LDFLAGS=''
LIBLAPACK=''
LIBOBJS=''
LIBS=''
LIBTHREAD=''
LN_S='ln -s'
LTLIBOBJS=''
MAKEINFO='${SHELL} /local/AudioVideoSpkSeg/Tools/LIA_RAL-3.0/missing --run makeinfo'
MKDIR_P='/bin/mkdir -p'
OBJEXT='o'
OS='Linux'
PACKAGE='LIA_RAL'
PACKAGE_BUGREPORT='dev-alize@listes.univ-avignon.fr'
PACKAGE_NAME='LIA_RAL'
PACKAGE_STRING='LIA_RAL 3.0'
PACKAGE_TARNAME='lia_ral'
PACKAGE_URL=''
PACKAGE_VERSION='3.0'
PATH_SEPARATOR=':'
RANLIB='ranlib'
SET_MAKE=''
SHELL='/bin/bash'
STRIP=''
VERSION='3.0'
ac_ct_CC='gcc'
ac_ct_CXX='g++'
am__EXEEXT_FALSE=''
am__EXEEXT_TRUE='#'
am__fastdepCC_FALSE='#'
am__fastdepCC_TRUE=''
am__fastdepCXX_FALSE='#'
am__fastdepCXX_TRUE=''
am__include='include'
am__isrc=''
am__leading_dot='.'
am__quote=''
am__tar='${AMTAR} chof - "$$tardir"'
am__untar='${AMTAR} xf -'
bindir='${exec_prefix}/bin'
build_alias=''
datadir='${datarootdir}'
datarootdir='${prefix}/share'
docdir='${datarootdir}/doc/${PACKAGE_TARNAME}'
dvidir='${docdir}'
exec_prefix='${prefix}'
host_alias=''
htmldir='${docdir}'
includedir='${prefix}/include'
infodir='${datarootdir}/info'
install_sh='${SHELL} /local/AudioVideoSpkSeg/Tools/LIA_RAL-3.0/install-sh'
lib_alize='-lalize_Linux_x86_64'
libdir='${exec_prefix}/lib'
libexecdir='${exec_prefix}/libexec'
localedir='${datarootdir}/locale'
localstatedir='${prefix}/var'
mandir='${datarootdir}/man'
mkdir_p='/bin/mkdir -p'
oldincludedir='/usr/include'
pdfdir='${docdir}'
prefix='/usr/local'
program_transform_name='s,x,x,'
psdir='${docdir}'
sbindir='${exec_prefix}/sbin'
sharedstatedir='${prefix}/com'
sysconfdir='${prefix}/etc'
target_alias=''

## ----------- ##
## confdefs.h. ##
## ----------- ##

/* confdefs.h */
#define PACKAGE_NAME "LIA_RAL"
#define PACKAGE_TARNAME "lia_ral"
#define PACKAGE_VERSION "3.0"
#define PACKAGE_STRING "LIA_RAL 3.0"
#define PACKAGE_BUGREPORT "dev-alize@listes.univ-avignon.fr"
#define PACKAGE_URL ""
#define PACKAGE "LIA_RAL"
#define VERSION "3.0"
#define STDC_HEADERS 1
#define HAVE_SYS_TYPES_H 1
#define HAVE_SYS_STAT_H 1
#define HAVE_STDLIB_H 1
#define HAVE_STRING_H 1
#define HAVE_MEMORY_H 1
#define HAVE_STRINGS_H 1
#define HAVE_INTTYPES_H 1
#define HAVE_STDINT_H 1
#define HAVE_UNISTD_H 1
#define HAVE_FCNTL_H 1
#define HAVE_FLOAT_H 1
#define HAVE_NETINET_IN_H 1
#define HAVE_STDLIB_H 1
#define HAVE_STRING_H 1
#define HAVE_STRINGS_H 1
#define HAVE_SYS_TIME_H 1
#define HAVE_UNISTD_H 1
#define HAVE__BOOL 1
#define HAVE_STDBOOL_H 1
#define HAVE_STDLIB_H 1
#define HAVE_MALLOC 1
#define HAVE_STDLIB_H 1
#define HAVE_REALLOC 1
#define LSTAT_FOLLOWS_SLASHED_SYMLINK 1
#define HAVE_VPRINTF 1
#define HAVE_MEMMOVE 1
#define HAVE_MEMSET 1
#define HAVE_STRCASECMP 1
#define HAVE_STRDUP 1

configure: exit 0

## ---------------------- ##
## Running config.status. ##
## ---------------------- ##

This file was extended by LIA_RAL config.status 3.0, which was
generated by GNU Autoconf 2.67.  Invocation command line was

  CONFIG_FILES    = 
  CONFIG_HEADERS  = 
  CONFIG_LINKS    = 
  CONFIG_COMMANDS = 
  $ ./config.status Makefile

on agecanonix

config.status:877: creating Makefile
