xaaf
xaag
xaao
xabr
xabu
xaca
xacf
xacs
xacv
xacz
xado
xadz
xaei
xaek
xaen
xaeo
xaep
xaez
xafa
xafc
xafe
xafn
xafr
xafv
xaga
xagu
xagx
xaha
xahb
xahj
xahk
xahq
xahs
xaht
xahu
xahw
xaig
xaiu
xaiv
xajc
xajg
xajo
xajx
xakh
xaki
xakm
xakn
xakp
xakw
xakz
xalf
xali
xalt
xalu
xalx
xaly
xamw
xanp
xanw
xanx
xaod
xaoh
xaom
xaor
xaqa
xaqe
xaqh
xaqp
xarm
xarw
xary
xatm
xaty
xawq
xaxq
xbba
xbey
xbfu
xbhg
xbil
xbjl
xbkl
xbmn
xbpa
xbsk
xbur
xbws
xcem
xcgs
xcmm
xcpw
xddo
xdhx
xdis
xdmd
xdsk
xdws
xfbq
xfdr
xfvs
